<?xml version="1.0" encoding="UTF-8"?>
<testng-results ignored="0" total="1" passed="1" failed="0" skipped="0">
  <reporter-output>
  </reporter-output>
  <suite started-at="2021-12-15T21:38:23 IST" name="Default suite" finished-at="2021-12-15T21:38:33 IST" duration-ms="9841">
    <groups>
    </groups>
    <test started-at="2021-12-15T21:38:23 IST" name="Default test" finished-at="2021-12-15T21:38:33 IST" duration-ms="9841">
      <class name="crm_proj.test2">
        <test-method is-config="true" signature="open()[pri:0, instance:crm_proj.test2@278bb07e]" started-at="2021-12-15T21:38:23 IST" name="open" finished-at="2021-12-15T21:38:27 IST" duration-ms="3749" status="PASS">
          <reporter-output>
          </reporter-output>
        </test-method> <!-- open -->
        <test-method signature="tc2()[pri:0, instance:crm_proj.test2@278bb07e]" started-at="2021-12-15T21:38:27 IST" name="tc2" finished-at="2021-12-15T21:38:33 IST" duration-ms="6002" status="PASS">
          <reporter-output>
          </reporter-output>
        </test-method> <!-- tc2 -->
        <test-method is-config="true" signature="close()[pri:0, instance:crm_proj.test2@278bb07e]" started-at="2021-12-15T21:38:33 IST" name="close" finished-at="2021-12-15T21:38:33 IST" duration-ms="50" status="PASS">
          <reporter-output>
          </reporter-output>
        </test-method> <!-- close -->
      </class> <!-- crm_proj.test2 -->
    </test> <!-- Default test -->
  </suite> <!-- Default suite -->
</testng-results>
